<?xml version="1.0" encoding="UTF-8"?>
<!-- Generated by org.testng.reporters.JUnitXMLReporter -->
<testsuite hostname="LAPTOP-I7ABQCRR" name="Test" tests="2" failures="2" timestamp="24 Feb 2021 13:31:55 GMT" time="41.816" errors="0">
  <testcase name="verifyHRMLogin" time="0.0" classname="hrm.testscripts.TC001">
    <failure type="java.lang.NoClassDefFoundError" message="org/apache/log4j/xml/DOMConfigurator">
      <![CDATA[java.lang.NoClassDefFoundError: org/apache/log4j/xml/DOMConfigurator
	at hrm.testscripts.TC001.verifyHRMLogin(TC001.java:24)
Caused by: java.lang.ClassNotFoundException: org.apache.log4j.xml.DOMConfigurator
	at java.net.URLClassLoader.findClass(URLClassLoader.java:382)
	at java.lang.ClassLoader.loadClass(ClassLoader.java:418)
	at sun.misc.Launcher$AppClassLoader.loadClass(Launcher.java:355)
	at java.lang.ClassLoader.loadClass(ClassLoader.java:351)
	... 24 more
... Removed 23 stack frames]]>
    </failure>
  </testcase> <!-- verifyHRMLogin -->
  <testcase name="verifyHRMLogin" time="0.0" classname="hrm.testscripts.TC002">
    <failure type="java.lang.NoClassDefFoundError" message="org/apache/log4j/xml/DOMConfigurator">
      <![CDATA[java.lang.NoClassDefFoundError: org/apache/log4j/xml/DOMConfigurator
	at hrm.testscripts.TC002.verifyHRMLogin(TC002.java:24)
Caused by: java.lang.ClassNotFoundException: org.apache.log4j.xml.DOMConfigurator
	at java.net.URLClassLoader.findClass(URLClassLoader.java:382)
	at java.lang.ClassLoader.loadClass(ClassLoader.java:418)
	at sun.misc.Launcher$AppClassLoader.loadClass(Launcher.java:355)
	at java.lang.ClassLoader.loadClass(ClassLoader.java:351)
	... 24 more
... Removed 23 stack frames]]>
    </failure>
  </testcase> <!-- verifyHRMLogin -->
</testsuite> <!-- Test -->
