<?xml version="1.0" encoding="UTF-8"?>
<testng-results ignored="0" total="2" passed="2" failed="0" skipped="0">
  <reporter-output>
    <line>
      <![CDATA[Verified HRMLogin]]>
    </line>
    <line>
      <![CDATA[Add HRM Empolyee Functionality Verified]]>
    </line>
  </reporter-output>
  <suite started-at="2021-02-25T11:54:54 IST" name="Default suite" finished-at="2021-02-25T11:55:21 IST" duration-ms="27133">
    <groups>
      <group name="smoke">
        <method signature="TC002.verifyHRMLogin()[pri:1, instance:hrm.testscripts.TC002@184cf7cf]" name="verifyHRMLogin" class="hrm.testscripts.TC002"/>
      </group> <!-- smoke -->
      <group name="sanity">
        <method signature="TC002.verifyHRMAddEmplyee()[pri:2, instance:hrm.testscripts.TC002@184cf7cf]" name="verifyHRMAddEmplyee" class="hrm.testscripts.TC002"/>
      </group> <!-- sanity -->
    </groups>
    <test started-at="2021-02-25T11:54:54 IST" name="Default test" finished-at="2021-02-25T11:55:21 IST" duration-ms="27133">
      <class name="hrm.testscripts.TC002">
        <test-method is-config="true" signature="browserSetup()[pri:0, instance:hrm.testscripts.TC002@184cf7cf]" started-at="2021-02-25T11:54:54 IST" name="browserSetup" finished-at="2021-02-25T11:55:05 IST" duration-ms="11621" status="PASS">
          <reporter-output>
          </reporter-output>
        </test-method> <!-- browserSetup -->
        <test-method signature="verifyHRMLogin()[pri:1, instance:hrm.testscripts.TC002@184cf7cf]" started-at="2021-02-25T11:55:05 IST" name="verifyHRMLogin" finished-at="2021-02-25T11:55:11 IST" duration-ms="5838" status="PASS">
          <reporter-output>
            <line>
              <![CDATA[Verified HRMLogin]]>
            </line>
          </reporter-output>
        </test-method> <!-- verifyHRMLogin -->
        <test-method signature="verifyHRMAddEmplyee()[pri:2, instance:hrm.testscripts.TC002@184cf7cf]" started-at="2021-02-25T11:55:11 IST" name="verifyHRMAddEmplyee" finished-at="2021-02-25T11:55:21 IST" depends-on-methods="hrm.testscripts.TC002.verifyHRMLogin" duration-ms="9486" status="PASS">
          <reporter-output>
            <line>
              <![CDATA[Add HRM Empolyee Functionality Verified]]>
            </line>
          </reporter-output>
        </test-method> <!-- verifyHRMAddEmplyee -->
        <test-method is-config="true" signature="tearDown()[pri:0, instance:hrm.testscripts.TC002@184cf7cf]" started-at="2021-02-25T11:55:21 IST" name="tearDown" finished-at="2021-02-25T11:55:21 IST" duration-ms="151" status="PASS">
          <reporter-output>
          </reporter-output>
        </test-method> <!-- tearDown -->
      </class> <!-- hrm.testscripts.TC002 -->
    </test> <!-- Default test -->
  </suite> <!-- Default suite -->
</testng-results>
